2025-07-04 18:13:07.676 |-INFO  [main] [] cn.oldbaby.sip.api.ApiApplication [55] -| Starting ApiApplication using Java 1.8.0_451 on mickey with PID 27099 (/Volumes/Lexar/Code/Java/super-id-photo/sip-api/target/classes started by mickey in /Volumes/Lexar/Code/Java/super-id-photo)
2025-07-04 18:13:07.678 |-INFO  [main] [] cn.oldbaby.sip.api.ApiApplication [686] -| The following 1 profile is active: "online"
2025-07-04 18:13:07.937 |-INFO  [main] [] org.springframework.data.repository.config.RepositoryConfigurationDelegate [132] -| Bootstrapping Spring Data LDAP repositories in DEFAULT mode.
2025-07-04 18:13:07.941 |-INFO  [main] [] org.springframework.data.repository.config.RepositoryConfigurationDelegate [201] -| Finished Spring Data repository scanning in 2 ms. Found 0 LDAP repository interfaces.
2025-07-04 18:13:08.012 |-INFO  [main] [] com.ulisesbocchio.jasyptspringboot.configuration.EnableEncryptablePropertiesBeanFactoryPostProcessor [50] -| Post-processing PropertySource instances
2025-07-04 18:13:08.030 |-INFO  [main] [] com.ulisesbocchio.jasyptspringboot.EncryptablePropertySourceConverter [39] -| Converting PropertySource configurationProperties [org.springframework.boot.context.properties.source.ConfigurationPropertySourcesPropertySource] to AOP Proxy
2025-07-04 18:13:08.031 |-INFO  [main] [] com.ulisesbocchio.jasyptspringboot.EncryptablePropertySourceConverter [39] -| Converting PropertySource servletConfigInitParams [org.springframework.core.env.PropertySource$StubPropertySource] to EncryptablePropertySourceWrapper
2025-07-04 18:13:08.031 |-INFO  [main] [] com.ulisesbocchio.jasyptspringboot.EncryptablePropertySourceConverter [39] -| Converting PropertySource servletContextInitParams [org.springframework.core.env.PropertySource$StubPropertySource] to EncryptablePropertySourceWrapper
2025-07-04 18:13:08.031 |-INFO  [main] [] com.ulisesbocchio.jasyptspringboot.EncryptablePropertySourceConverter [39] -| Converting PropertySource systemProperties [org.springframework.core.env.PropertiesPropertySource] to EncryptableMapPropertySourceWrapper
2025-07-04 18:13:08.031 |-INFO  [main] [] com.ulisesbocchio.jasyptspringboot.EncryptablePropertySourceConverter [39] -| Converting PropertySource systemEnvironment [org.springframework.boot.env.SystemEnvironmentPropertySourceEnvironmentPostProcessor$OriginAwareSystemEnvironmentPropertySource] to EncryptableMapPropertySourceWrapper
2025-07-04 18:13:08.031 |-INFO  [main] [] com.ulisesbocchio.jasyptspringboot.EncryptablePropertySourceConverter [39] -| Converting PropertySource random [org.springframework.boot.env.RandomValuePropertySource] to EncryptablePropertySourceWrapper
2025-07-04 18:13:08.031 |-INFO  [main] [] com.ulisesbocchio.jasyptspringboot.EncryptablePropertySourceConverter [39] -| Converting PropertySource Config resource 'class path resource [application.properties]' via location 'optional:classpath:/' [org.springframework.boot.env.OriginTrackedMapPropertySource] to EncryptableMapPropertySourceWrapper
2025-07-04 18:13:08.051 |-INFO  [main] [] com.ulisesbocchio.jasyptspringboot.filter.DefaultLazyPropertyFilter [31] -| Property Filter custom Bean not found with name 'encryptablePropertyFilter'. Initializing Default Property Filter
2025-07-04 18:13:08.123 |-INFO  [main] [] com.ulisesbocchio.jasyptspringboot.resolver.DefaultLazyPropertyResolver [31] -| Property Resolver custom Bean not found with name 'encryptablePropertyResolver'. Initializing Default Property Resolver
2025-07-04 18:13:08.124 |-INFO  [main] [] com.ulisesbocchio.jasyptspringboot.detector.DefaultLazyPropertyDetector [30] -| Property Detector custom Bean not found with name 'encryptablePropertyDetector'. Initializing Default Property Detector
2025-07-04 18:13:08.222 |-INFO  [main] [] org.springframework.boot.web.embedded.tomcat.TomcatWebServer [108] -| Tomcat initialized with port(s): 22458 (http)
2025-07-04 18:13:08.225 |-INFO  [main] [] org.apache.coyote.http11.Http11NioProtocol [173] -| Initializing ProtocolHandler ["http-nio-22458"]
2025-07-04 18:13:08.226 |-INFO  [main] [] org.apache.catalina.core.StandardService [173] -| Starting service [Tomcat]
2025-07-04 18:13:08.226 |-INFO  [main] [] org.apache.catalina.core.StandardEngine [173] -| Starting Servlet engine: [Apache Tomcat/9.0.63]
2025-07-04 18:13:08.287 |-INFO  [main] [] org.apache.catalina.core.ContainerBase.[Tomcat].[localhost].[/] [173] -| Initializing Spring embedded WebApplicationContext
2025-07-04 18:13:08.287 |-INFO  [main] [] org.springframework.boot.web.servlet.context.ServletWebServerApplicationContext [290] -| Root WebApplicationContext: initialization completed in 587 ms
2025-07-04 18:13:08.380 |-INFO  [main] [] cn.oldbaby.sip.common.context.ApplicationSpringUtils [31] -| ---------------------注入springContext-------------------------------
2025-07-04 18:13:08.390 |-INFO  [main] [] com.ulisesbocchio.jasyptspringboot.encryptor.DefaultLazyEncryptor [34] -| String Encryptor custom Bean not found with name 'jasyptStringEncryptor'. Initializing Default String Encryptor
2025-07-04 18:13:08.393 |-INFO  [main] [] com.ulisesbocchio.jasyptspringboot.encryptor.DefaultLazyEncryptor [88] -| Encryptor config not found for property jasypt.encryptor.algorithm, using default value: PBEWithMD5AndDES
2025-07-04 18:13:08.393 |-INFO  [main] [] com.ulisesbocchio.jasyptspringboot.encryptor.DefaultLazyEncryptor [88] -| Encryptor config not found for property jasypt.encryptor.keyObtentionIterations, using default value: 1000
2025-07-04 18:13:08.393 |-INFO  [main] [] com.ulisesbocchio.jasyptspringboot.encryptor.DefaultLazyEncryptor [88] -| Encryptor config not found for property jasypt.encryptor.poolSize, using default value: 1
2025-07-04 18:13:08.393 |-INFO  [main] [] com.ulisesbocchio.jasyptspringboot.encryptor.DefaultLazyEncryptor [88] -| Encryptor config not found for property jasypt.encryptor.providerName, using default value: null
2025-07-04 18:13:08.393 |-INFO  [main] [] com.ulisesbocchio.jasyptspringboot.encryptor.DefaultLazyEncryptor [88] -| Encryptor config not found for property jasypt.encryptor.providerClassName, using default value: null
2025-07-04 18:13:08.393 |-INFO  [main] [] com.ulisesbocchio.jasyptspringboot.encryptor.DefaultLazyEncryptor [88] -| Encryptor config not found for property jasypt.encryptor.saltGeneratorClassname, using default value: org.jasypt.salt.RandomSaltGenerator
2025-07-04 18:13:08.394 |-INFO  [main] [] com.ulisesbocchio.jasyptspringboot.encryptor.DefaultLazyEncryptor [88] -| Encryptor config not found for property jasypt.encryptor.ivGeneratorClassname, using default value: org.jasypt.salt.NoOpIVGenerator
2025-07-04 18:13:08.394 |-INFO  [main] [] com.ulisesbocchio.jasyptspringboot.encryptor.DefaultLazyEncryptor [88] -| Encryptor config not found for property jasypt.encryptor.stringOutputType, using default value: base64
2025-07-04 18:13:08.475 |-WARN  [main] [] org.springframework.boot.web.servlet.context.AnnotationConfigServletWebServerApplicationContext [591] -| Exception encountered during context initialization - cancelling refresh attempt: org.springframework.beans.factory.UnsatisfiedDependencyException: Error creating bean with name 'sipMinipUserServiceImpl': Unsatisfied dependency expressed through field 'sipMinipUserMapper'; nested exception is org.springframework.beans.factory.BeanCreationException: Error creating bean with name 'sipMinipUserMapper' defined in file [/Volumes/Lexar/Code/Java/super-id-photo/sip-common/target/classes/cn/oldbaby/sip/common/mapper/SipMinipUserMapper.class]: Cannot resolve reference to bean 'ds1SqlSessionTemplate' while setting bean property 'sqlSessionTemplate'; nested exception is org.springframework.beans.factory.UnsatisfiedDependencyException: Error creating bean with name 'ds1SqlSessionTemplate' defined in class path resource [cn/oldbaby/sip/api/config/MybatisConfig.class]: Unsatisfied dependency expressed through method 'ds1SqlSessionTemplate' parameter 0; nested exception is org.springframework.beans.factory.BeanCreationException: Error creating bean with name 'ds1SqlSessionFactory' defined in class path resource [cn/oldbaby/sip/api/config/MybatisConfig.class]: Bean instantiation via factory method failed; nested exception is org.springframework.beans.BeanInstantiationException: Failed to instantiate [org.apache.ibatis.session.SqlSessionFactory]: Factory method 'ds1SqlSessionFatory' threw exception; nested exception is java.lang.NoClassDefFoundError: cn/oldbaby/sip/common/domain/SipPhotocategory (wrong name: cn/oldbaby/sip/common/domain/SipPhotoCategory)
2025-07-04 18:13:08.476 |-INFO  [main] [] org.apache.catalina.core.StandardService [173] -| Stopping service [Tomcat]
2025-07-04 18:13:08.480 |-INFO  [main] [] org.springframework.boot.autoconfigure.logging.ConditionEvaluationReportLoggingListener [136] -| 

Error starting ApplicationContext. To display the conditions report re-run your application with 'debug' enabled.
2025-07-04 18:13:08.487 |-ERROR [main] [] org.springframework.boot.SpringApplication [870] -| Application run failed
org.springframework.beans.factory.UnsatisfiedDependencyException: Error creating bean with name 'sipMinipUserServiceImpl': Unsatisfied dependency expressed through field 'sipMinipUserMapper'; nested exception is org.springframework.beans.factory.BeanCreationException: Error creating bean with name 'sipMinipUserMapper' defined in file [/Volumes/Lexar/Code/Java/super-id-photo/sip-common/target/classes/cn/oldbaby/sip/common/mapper/SipMinipUserMapper.class]: Cannot resolve reference to bean 'ds1SqlSessionTemplate' while setting bean property 'sqlSessionTemplate'; nested exception is org.springframework.beans.factory.UnsatisfiedDependencyException: Error creating bean with name 'ds1SqlSessionTemplate' defined in class path resource [cn/oldbaby/sip/api/config/MybatisConfig.class]: Unsatisfied dependency expressed through method 'ds1SqlSessionTemplate' parameter 0; nested exception is org.springframework.beans.factory.BeanCreationException: Error creating bean with name 'ds1SqlSessionFactory' defined in class path resource [cn/oldbaby/sip/api/config/MybatisConfig.class]: Bean instantiation via factory method failed; nested exception is org.springframework.beans.BeanInstantiationException: Failed to instantiate [org.apache.ibatis.session.SqlSessionFactory]: Factory method 'ds1SqlSessionFatory' threw exception; nested exception is java.lang.NoClassDefFoundError: cn/oldbaby/sip/common/domain/SipPhotocategory (wrong name: cn/oldbaby/sip/common/domain/SipPhotoCategory)
	at org.springframework.beans.factory.annotation.AutowiredAnnotationBeanPostProcessor$AutowiredFieldElement.resolveFieldValue(AutowiredAnnotationBeanPostProcessor.java:659)
	at org.springframework.beans.factory.annotation.AutowiredAnnotationBeanPostProcessor$AutowiredFieldElement.inject(AutowiredAnnotationBeanPostProcessor.java:639)
	at org.springframework.beans.factory.annotation.InjectionMetadata.inject(InjectionMetadata.java:119)
	at org.springframework.beans.factory.annotation.AutowiredAnnotationBeanPostProcessor.postProcessProperties(AutowiredAnnotationBeanPostProcessor.java:399)
	at org.springframework.beans.factory.support.AbstractAutowireCapableBeanFactory.populateBean(AbstractAutowireCapableBeanFactory.java:1431)
	at org.springframework.beans.factory.support.AbstractAutowireCapableBeanFactory.doCreateBean(AbstractAutowireCapableBeanFactory.java:619)
	at org.springframework.beans.factory.support.AbstractAutowireCapableBeanFactory.createBean(AbstractAutowireCapableBeanFactory.java:542)
	at org.springframework.beans.factory.support.AbstractBeanFactory.lambda$doGetBean$0(AbstractBeanFactory.java:335)
	at org.springframework.beans.factory.support.DefaultSingletonBeanRegistry.getSingleton(DefaultSingletonBeanRegistry.java:234)
	at org.springframework.beans.factory.support.AbstractBeanFactory.doGetBean(AbstractBeanFactory.java:333)
	at org.springframework.beans.factory.support.AbstractBeanFactory.getBean(AbstractBeanFactory.java:208)
	at org.springframework.beans.factory.support.DefaultListableBeanFactory.preInstantiateSingletons(DefaultListableBeanFactory.java:953)
	at org.springframework.context.support.AbstractApplicationContext.finishBeanFactoryInitialization(AbstractApplicationContext.java:918)
	at org.springframework.context.support.AbstractApplicationContext.refresh(AbstractApplicationContext.java:583)
	at org.springframework.boot.web.servlet.context.ServletWebServerApplicationContext.refresh(ServletWebServerApplicationContext.java:145)
	at org.springframework.boot.SpringApplication.refresh(SpringApplication.java:780)
	at org.springframework.boot.SpringApplication.refreshContext(SpringApplication.java:453)
	at org.springframework.boot.SpringApplication.run(SpringApplication.java:343)
	at org.springframework.boot.SpringApplication.run(SpringApplication.java:1370)
	at org.springframework.boot.SpringApplication.run(SpringApplication.java:1359)
	at cn.oldbaby.sip.api.ApiApplication.main(ApiApplication.java:18)
Caused by: org.springframework.beans.factory.BeanCreationException: Error creating bean with name 'sipMinipUserMapper' defined in file [/Volumes/Lexar/Code/Java/super-id-photo/sip-common/target/classes/cn/oldbaby/sip/common/mapper/SipMinipUserMapper.class]: Cannot resolve reference to bean 'ds1SqlSessionTemplate' while setting bean property 'sqlSessionTemplate'; nested exception is org.springframework.beans.factory.UnsatisfiedDependencyException: Error creating bean with name 'ds1SqlSessionTemplate' defined in class path resource [cn/oldbaby/sip/api/config/MybatisConfig.class]: Unsatisfied dependency expressed through method 'ds1SqlSessionTemplate' parameter 0; nested exception is org.springframework.beans.factory.BeanCreationException: Error creating bean with name 'ds1SqlSessionFactory' defined in class path resource [cn/oldbaby/sip/api/config/MybatisConfig.class]: Bean instantiation via factory method failed; nested exception is org.springframework.beans.BeanInstantiationException: Failed to instantiate [org.apache.ibatis.session.SqlSessionFactory]: Factory method 'ds1SqlSessionFatory' threw exception; nested exception is java.lang.NoClassDefFoundError: cn/oldbaby/sip/common/domain/SipPhotocategory (wrong name: cn/oldbaby/sip/common/domain/SipPhotoCategory)
	at org.springframework.beans.factory.support.BeanDefinitionValueResolver.resolveReference(BeanDefinitionValueResolver.java:342)
	at org.springframework.beans.factory.support.BeanDefinitionValueResolver.resolveValueIfNecessary(BeanDefinitionValueResolver.java:113)
	at org.springframework.beans.factory.support.AbstractAutowireCapableBeanFactory.applyPropertyValues(AbstractAutowireCapableBeanFactory.java:1707)
	at org.springframework.beans.factory.support.AbstractAutowireCapableBeanFactory.populateBean(AbstractAutowireCapableBeanFactory.java:1452)
	at org.springframework.beans.factory.support.AbstractAutowireCapableBeanFactory.doCreateBean(AbstractAutowireCapableBeanFactory.java:619)
	at org.springframework.beans.factory.support.AbstractAutowireCapableBeanFactory.createBean(AbstractAutowireCapableBeanFactory.java:542)
	at org.springframework.beans.factory.support.AbstractBeanFactory.lambda$doGetBean$0(AbstractBeanFactory.java:335)
	at org.springframework.beans.factory.support.DefaultSingletonBeanRegistry.getSingleton(DefaultSingletonBeanRegistry.java:234)
	at org.springframework.beans.factory.support.AbstractBeanFactory.doGetBean(AbstractBeanFactory.java:333)
	at org.springframework.beans.factory.support.AbstractBeanFactory.getBean(AbstractBeanFactory.java:208)
	at org.springframework.beans.factory.config.DependencyDescriptor.resolveCandidate(DependencyDescriptor.java:276)
	at org.springframework.beans.factory.support.DefaultListableBeanFactory.doResolveDependency(DefaultListableBeanFactory.java:1389)
	at org.springframework.beans.factory.support.DefaultListableBeanFactory.resolveDependency(DefaultListableBeanFactory.java:1309)
	at org.springframework.beans.factory.annotation.AutowiredAnnotationBeanPostProcessor$AutowiredFieldElement.resolveFieldValue(AutowiredAnnotationBeanPostProcessor.java:656)
	... 20 common frames omitted
Caused by: org.springframework.beans.factory.UnsatisfiedDependencyException: Error creating bean with name 'ds1SqlSessionTemplate' defined in class path resource [cn/oldbaby/sip/api/config/MybatisConfig.class]: Unsatisfied dependency expressed through method 'ds1SqlSessionTemplate' parameter 0; nested exception is org.springframework.beans.factory.BeanCreationException: Error creating bean with name 'ds1SqlSessionFactory' defined in class path resource [cn/oldbaby/sip/api/config/MybatisConfig.class]: Bean instantiation via factory method failed; nested exception is org.springframework.beans.BeanInstantiationException: Failed to instantiate [org.apache.ibatis.session.SqlSessionFactory]: Factory method 'ds1SqlSessionFatory' threw exception; nested exception is java.lang.NoClassDefFoundError: cn/oldbaby/sip/common/domain/SipPhotocategory (wrong name: cn/oldbaby/sip/common/domain/SipPhotoCategory)
	at org.springframework.beans.factory.support.ConstructorResolver.createArgumentArray(ConstructorResolver.java:800)
	at org.springframework.beans.factory.support.ConstructorResolver.instantiateUsingFactoryMethod(ConstructorResolver.java:541)
	at org.springframework.beans.factory.support.AbstractAutowireCapableBeanFactory.instantiateUsingFactoryMethod(AbstractAutowireCapableBeanFactory.java:1352)
	at org.springframework.beans.factory.support.AbstractAutowireCapableBeanFactory.createBeanInstance(AbstractAutowireCapableBeanFactory.java:1195)
	at org.springframework.beans.factory.support.AbstractAutowireCapableBeanFactory.doCreateBean(AbstractAutowireCapableBeanFactory.java:582)
	at org.springframework.beans.factory.support.AbstractAutowireCapableBeanFactory.createBean(AbstractAutowireCapableBeanFactory.java:542)
	at org.springframework.beans.factory.support.AbstractBeanFactory.lambda$doGetBean$0(AbstractBeanFactory.java:335)
	at org.springframework.beans.factory.support.DefaultSingletonBeanRegistry.getSingleton(DefaultSingletonBeanRegistry.java:234)
	at org.springframework.beans.factory.support.AbstractBeanFactory.doGetBean(AbstractBeanFactory.java:333)
	at org.springframework.beans.factory.support.AbstractBeanFactory.getBean(AbstractBeanFactory.java:208)
	at org.springframework.beans.factory.support.BeanDefinitionValueResolver.resolveReference(BeanDefinitionValueResolver.java:330)
	... 33 common frames omitted
Caused by: org.springframework.beans.factory.BeanCreationException: Error creating bean with name 'ds1SqlSessionFactory' defined in class path resource [cn/oldbaby/sip/api/config/MybatisConfig.class]: Bean instantiation via factory method failed; nested exception is org.springframework.beans.BeanInstantiationException: Failed to instantiate [org.apache.ibatis.session.SqlSessionFactory]: Factory method 'ds1SqlSessionFatory' threw exception; nested exception is java.lang.NoClassDefFoundError: cn/oldbaby/sip/common/domain/SipPhotocategory (wrong name: cn/oldbaby/sip/common/domain/SipPhotoCategory)
	at org.springframework.beans.factory.support.ConstructorResolver.instantiate(ConstructorResolver.java:658)
	at org.springframework.beans.factory.support.ConstructorResolver.instantiateUsingFactoryMethod(ConstructorResolver.java:638)
	at org.springframework.beans.factory.support.AbstractAutowireCapableBeanFactory.instantiateUsingFactoryMethod(AbstractAutowireCapableBeanFactory.java:1352)
	at org.springframework.beans.factory.support.AbstractAutowireCapableBeanFactory.createBeanInstance(AbstractAutowireCapableBeanFactory.java:1195)
	at org.springframework.beans.factory.support.AbstractAutowireCapableBeanFactory.doCreateBean(AbstractAutowireCapableBeanFactory.java:582)
	at org.springframework.beans.factory.support.AbstractAutowireCapableBeanFactory.createBean(AbstractAutowireCapableBeanFactory.java:542)
	at org.springframework.beans.factory.support.AbstractBeanFactory.lambda$doGetBean$0(AbstractBeanFactory.java:335)
	at org.springframework.beans.factory.support.DefaultSingletonBeanRegistry.getSingleton(DefaultSingletonBeanRegistry.java:234)
	at org.springframework.beans.factory.support.AbstractBeanFactory.doGetBean(AbstractBeanFactory.java:333)
	at org.springframework.beans.factory.support.AbstractBeanFactory.getBean(AbstractBeanFactory.java:208)
	at org.springframework.beans.factory.config.DependencyDescriptor.resolveCandidate(DependencyDescriptor.java:276)
	at org.springframework.beans.factory.support.DefaultListableBeanFactory.doResolveDependency(DefaultListableBeanFactory.java:1389)
	at org.springframework.beans.factory.support.DefaultListableBeanFactory.resolveDependency(DefaultListableBeanFactory.java:1309)
	at org.springframework.beans.factory.support.ConstructorResolver.resolveAutowiredArgument(ConstructorResolver.java:887)
	at org.springframework.beans.factory.support.ConstructorResolver.createArgumentArray(ConstructorResolver.java:791)
	... 43 common frames omitted
Caused by: org.springframework.beans.BeanInstantiationException: Failed to instantiate [org.apache.ibatis.session.SqlSessionFactory]: Factory method 'ds1SqlSessionFatory' threw exception; nested exception is java.lang.NoClassDefFoundError: cn/oldbaby/sip/common/domain/SipPhotocategory (wrong name: cn/oldbaby/sip/common/domain/SipPhotoCategory)
	at org.springframework.beans.factory.support.SimpleInstantiationStrategy.instantiate(SimpleInstantiationStrategy.java:185)
	at org.springframework.beans.factory.support.ConstructorResolver.instantiate(ConstructorResolver.java:653)
	... 57 common frames omitted
Caused by: java.lang.NoClassDefFoundError: cn/oldbaby/sip/common/domain/SipPhotocategory (wrong name: cn/oldbaby/sip/common/domain/SipPhotoCategory)
	at java.lang.ClassLoader.defineClass1(Native Method)
	at java.lang.ClassLoader.defineClass(ClassLoader.java:756)
	at java.security.SecureClassLoader.defineClass(SecureClassLoader.java:142)
	at java.net.URLClassLoader.defineClass(URLClassLoader.java:473)
	at java.net.URLClassLoader.access$100(URLClassLoader.java:74)
	at java.net.URLClassLoader$1.run(URLClassLoader.java:369)
	at java.net.URLClassLoader$1.run(URLClassLoader.java:363)
	at java.security.AccessController.doPrivileged(Native Method)
	at java.net.URLClassLoader.findClass(URLClassLoader.java:362)
	at java.lang.ClassLoader.loadClass(ClassLoader.java:418)
	at sun.misc.Launcher$AppClassLoader.loadClass(Launcher.java:371)
	at java.lang.ClassLoader.loadClass(ClassLoader.java:351)
	at java.lang.Class.forName0(Native Method)
	at java.lang.Class.forName(Class.java:348)
	at org.apache.ibatis.io.ClassLoaderWrapper.classForName(ClassLoaderWrapper.java:186)
	at org.apache.ibatis.io.ClassLoaderWrapper.classForName(ClassLoaderWrapper.java:89)
	at org.apache.ibatis.io.Resources.classForName(Resources.java:261)
	at org.apache.ibatis.type.TypeAliasRegistry.resolveAlias(TypeAliasRegistry.java:116)
	at org.apache.ibatis.builder.BaseBuilder.resolveAlias(BaseBuilder.java:149)
	at org.apache.ibatis.builder.BaseBuilder.resolveClass(BaseBuilder.java:116)
	at org.apache.ibatis.builder.xml.XMLStatementBuilder.parseStatementNode(XMLStatementBuilder.java:76)
	at org.apache.ibatis.builder.xml.XMLMapperBuilder.buildStatementFromContext(XMLMapperBuilder.java:138)
	at org.apache.ibatis.builder.xml.XMLMapperBuilder.buildStatementFromContext(XMLMapperBuilder.java:131)
	at org.apache.ibatis.builder.xml.XMLMapperBuilder.configurationElement(XMLMapperBuilder.java:121)
	at org.apache.ibatis.builder.xml.XMLMapperBuilder.parse(XMLMapperBuilder.java:95)
	at org.mybatis.spring.SqlSessionFactoryBean.buildSqlSessionFactory(SqlSessionFactoryBean.java:611)
	at org.mybatis.spring.SqlSessionFactoryBean.afterPropertiesSet(SqlSessionFactoryBean.java:491)
	at org.mybatis.spring.SqlSessionFactoryBean.getObject(SqlSessionFactoryBean.java:633)
	at cn.oldbaby.sip.api.config.MybatisConfig.ds1SqlSessionFatory(MybatisConfig.java:46)
	at cn.oldbaby.sip.api.config.MybatisConfig$$EnhancerBySpringCGLIB$$c5975d51.CGLIB$ds1SqlSessionFatory$0(<generated>)
	at cn.oldbaby.sip.api.config.MybatisConfig$$EnhancerBySpringCGLIB$$c5975d51$$FastClassBySpringCGLIB$$990da9cf.invoke(<generated>)
	at org.springframework.cglib.proxy.MethodProxy.invokeSuper(MethodProxy.java:244)
	at org.springframework.context.annotation.ConfigurationClassEnhancer$BeanMethodInterceptor.intercept(ConfigurationClassEnhancer.java:331)
	at cn.oldbaby.sip.api.config.MybatisConfig$$EnhancerBySpringCGLIB$$c5975d51.ds1SqlSessionFatory(<generated>)
	at sun.reflect.NativeMethodAccessorImpl.invoke0(Native Method)
	at sun.reflect.NativeMethodAccessorImpl.invoke(NativeMethodAccessorImpl.java:62)
	at sun.reflect.DelegatingMethodAccessorImpl.invoke(DelegatingMethodAccessorImpl.java:43)
	at java.lang.reflect.Method.invoke(Method.java:498)
	at org.springframework.beans.factory.support.SimpleInstantiationStrategy.instantiate(SimpleInstantiationStrategy.java:154)
	... 58 common frames omitted
2025-07-04 18:15:52.595 |-INFO  [main] [] cn.oldbaby.sip.api.ApiApplication [55] -| Starting ApiApplication using Java 1.8.0_451 on mickey with PID 27638 (/Volumes/Lexar/Code/Java/super-id-photo/sip-api/target/classes started by mickey in /Volumes/Lexar/Code/Java/super-id-photo)
2025-07-04 18:15:52.596 |-INFO  [main] [] cn.oldbaby.sip.api.ApiApplication [686] -| The following 1 profile is active: "online"
2025-07-04 18:15:52.856 |-INFO  [main] [] org.springframework.data.repository.config.RepositoryConfigurationDelegate [132] -| Bootstrapping Spring Data LDAP repositories in DEFAULT mode.
2025-07-04 18:15:52.859 |-INFO  [main] [] org.springframework.data.repository.config.RepositoryConfigurationDelegate [201] -| Finished Spring Data repository scanning in 2 ms. Found 0 LDAP repository interfaces.
2025-07-04 18:15:52.932 |-INFO  [main] [] com.ulisesbocchio.jasyptspringboot.configuration.EnableEncryptablePropertiesBeanFactoryPostProcessor [50] -| Post-processing PropertySource instances
2025-07-04 18:15:52.950 |-INFO  [main] [] com.ulisesbocchio.jasyptspringboot.EncryptablePropertySourceConverter [39] -| Converting PropertySource configurationProperties [org.springframework.boot.context.properties.source.ConfigurationPropertySourcesPropertySource] to AOP Proxy
2025-07-04 18:15:52.950 |-INFO  [main] [] com.ulisesbocchio.jasyptspringboot.EncryptablePropertySourceConverter [39] -| Converting PropertySource servletConfigInitParams [org.springframework.core.env.PropertySource$StubPropertySource] to EncryptablePropertySourceWrapper
2025-07-04 18:15:52.950 |-INFO  [main] [] com.ulisesbocchio.jasyptspringboot.EncryptablePropertySourceConverter [39] -| Converting PropertySource servletContextInitParams [org.springframework.core.env.PropertySource$StubPropertySource] to EncryptablePropertySourceWrapper
2025-07-04 18:15:52.950 |-INFO  [main] [] com.ulisesbocchio.jasyptspringboot.EncryptablePropertySourceConverter [39] -| Converting PropertySource systemProperties [org.springframework.core.env.PropertiesPropertySource] to EncryptableMapPropertySourceWrapper
2025-07-04 18:15:52.950 |-INFO  [main] [] com.ulisesbocchio.jasyptspringboot.EncryptablePropertySourceConverter [39] -| Converting PropertySource systemEnvironment [org.springframework.boot.env.SystemEnvironmentPropertySourceEnvironmentPostProcessor$OriginAwareSystemEnvironmentPropertySource] to EncryptableMapPropertySourceWrapper
2025-07-04 18:15:52.950 |-INFO  [main] [] com.ulisesbocchio.jasyptspringboot.EncryptablePropertySourceConverter [39] -| Converting PropertySource random [org.springframework.boot.env.RandomValuePropertySource] to EncryptablePropertySourceWrapper
2025-07-04 18:15:52.950 |-INFO  [main] [] com.ulisesbocchio.jasyptspringboot.EncryptablePropertySourceConverter [39] -| Converting PropertySource Config resource 'class path resource [application.properties]' via location 'optional:classpath:/' [org.springframework.boot.env.OriginTrackedMapPropertySource] to EncryptableMapPropertySourceWrapper
2025-07-04 18:15:52.970 |-INFO  [main] [] com.ulisesbocchio.jasyptspringboot.filter.DefaultLazyPropertyFilter [31] -| Property Filter custom Bean not found with name 'encryptablePropertyFilter'. Initializing Default Property Filter
2025-07-04 18:15:53.044 |-INFO  [main] [] com.ulisesbocchio.jasyptspringboot.resolver.DefaultLazyPropertyResolver [31] -| Property Resolver custom Bean not found with name 'encryptablePropertyResolver'. Initializing Default Property Resolver
2025-07-04 18:15:53.044 |-INFO  [main] [] com.ulisesbocchio.jasyptspringboot.detector.DefaultLazyPropertyDetector [30] -| Property Detector custom Bean not found with name 'encryptablePropertyDetector'. Initializing Default Property Detector
2025-07-04 18:15:53.146 |-INFO  [main] [] org.springframework.boot.web.embedded.tomcat.TomcatWebServer [108] -| Tomcat initialized with port(s): 22458 (http)
2025-07-04 18:15:53.150 |-INFO  [main] [] org.apache.coyote.http11.Http11NioProtocol [173] -| Initializing ProtocolHandler ["http-nio-22458"]
2025-07-04 18:15:53.150 |-INFO  [main] [] org.apache.catalina.core.StandardService [173] -| Starting service [Tomcat]
2025-07-04 18:15:53.150 |-INFO  [main] [] org.apache.catalina.core.StandardEngine [173] -| Starting Servlet engine: [Apache Tomcat/9.0.63]
2025-07-04 18:15:53.213 |-INFO  [main] [] org.apache.catalina.core.ContainerBase.[Tomcat].[localhost].[/] [173] -| Initializing Spring embedded WebApplicationContext
2025-07-04 18:15:53.213 |-INFO  [main] [] org.springframework.boot.web.servlet.context.ServletWebServerApplicationContext [290] -| Root WebApplicationContext: initialization completed in 594 ms
2025-07-04 18:15:53.308 |-INFO  [main] [] cn.oldbaby.sip.common.context.ApplicationSpringUtils [31] -| ---------------------注入springContext-------------------------------
2025-07-04 18:15:53.319 |-INFO  [main] [] com.ulisesbocchio.jasyptspringboot.encryptor.DefaultLazyEncryptor [34] -| String Encryptor custom Bean not found with name 'jasyptStringEncryptor'. Initializing Default String Encryptor
2025-07-04 18:15:53.322 |-INFO  [main] [] com.ulisesbocchio.jasyptspringboot.encryptor.DefaultLazyEncryptor [88] -| Encryptor config not found for property jasypt.encryptor.algorithm, using default value: PBEWithMD5AndDES
2025-07-04 18:15:53.322 |-INFO  [main] [] com.ulisesbocchio.jasyptspringboot.encryptor.DefaultLazyEncryptor [88] -| Encryptor config not found for property jasypt.encryptor.keyObtentionIterations, using default value: 1000
2025-07-04 18:15:53.322 |-INFO  [main] [] com.ulisesbocchio.jasyptspringboot.encryptor.DefaultLazyEncryptor [88] -| Encryptor config not found for property jasypt.encryptor.poolSize, using default value: 1
2025-07-04 18:15:53.322 |-INFO  [main] [] com.ulisesbocchio.jasyptspringboot.encryptor.DefaultLazyEncryptor [88] -| Encryptor config not found for property jasypt.encryptor.providerName, using default value: null
2025-07-04 18:15:53.322 |-INFO  [main] [] com.ulisesbocchio.jasyptspringboot.encryptor.DefaultLazyEncryptor [88] -| Encryptor config not found for property jasypt.encryptor.providerClassName, using default value: null
2025-07-04 18:15:53.323 |-INFO  [main] [] com.ulisesbocchio.jasyptspringboot.encryptor.DefaultLazyEncryptor [88] -| Encryptor config not found for property jasypt.encryptor.saltGeneratorClassname, using default value: org.jasypt.salt.RandomSaltGenerator
2025-07-04 18:15:53.323 |-INFO  [main] [] com.ulisesbocchio.jasyptspringboot.encryptor.DefaultLazyEncryptor [88] -| Encryptor config not found for property jasypt.encryptor.ivGeneratorClassname, using default value: org.jasypt.salt.NoOpIVGenerator
2025-07-04 18:15:53.323 |-INFO  [main] [] com.ulisesbocchio.jasyptspringboot.encryptor.DefaultLazyEncryptor [88] -| Encryptor config not found for property jasypt.encryptor.stringOutputType, using default value: base64
2025-07-04 18:15:53.678 |-INFO  [main] [] org.apache.coyote.http11.Http11NioProtocol [173] -| Starting ProtocolHandler ["http-nio-22458"]
2025-07-04 18:15:53.690 |-INFO  [main] [] org.springframework.boot.web.embedded.tomcat.TomcatWebServer [220] -| Tomcat started on port(s): 22458 (http) with context path ''
2025-07-04 18:15:53.695 |-INFO  [main] [] cn.oldbaby.sip.api.ApiApplication [61] -| Started ApiApplication in 1.273 seconds (JVM running for 1.59)
